<?xml version="1.0" encoding="UTF-8"?>
<testsuite xmlns:xsi="http://www.w3.org/2001/XMLSchema-instance" xsi:noNamespaceSchemaLocation="https://maven.apache.org/surefire/maven-surefire-plugin/xsd/surefire-test-report.xsd" name="com.monetdb.ais.AisMessageDecodeTest" time="0.106" tests="11" errors="0" skipped="0" failures="0">
  <properties>
    <property name="sun.desktop" value="gnome"/>
    <property name="awt.toolkit" value="sun.awt.X11.XToolkit"/>
    <property name="java.specification.version" value="11"/>
    <property name="sun.cpu.isalist" value=""/>
    <property name="sun.jnu.encoding" value="UTF-8"/>
    <property name="java.class.path" value="/home/mitchell/Documents/Werk/ais-kafka-stream-test/ais-transformer/target/test-classes:/home/mitchell/Documents/Werk/ais-kafka-stream-test/ais-transformer/target/classes:/home/mitchell/.m2/repository/junit/junit/4.11/junit-4.11.jar:/home/mitchell/.m2/repository/org/hamcrest/hamcrest-core/1.3/hamcrest-core-1.3.jar:/home/mitchell/.m2/repository/org/apache/kafka/kafka-clients/2.5.0/kafka-clients-2.5.0.jar:/home/mitchell/.m2/repository/com/github/luben/zstd-jni/1.4.4-7/zstd-jni-1.4.4-7.jar:/home/mitchell/.m2/repository/org/lz4/lz4-java/1.7.1/lz4-java-1.7.1.jar:/home/mitchell/.m2/repository/org/xerial/snappy/snappy-java/1.1.7.3/snappy-java-1.1.7.3.jar:/home/mitchell/.m2/repository/org/slf4j/slf4j-api/1.7.30/slf4j-api-1.7.30.jar:/home/mitchell/.m2/repository/monetdb/monetdb-jdbc/11.19.15/monetdb-jdbc-11.19.15.jar:/home/mitchell/.m2/repository/dk/dma/ais/lib/ais-lib-cli/2.4/ais-lib-cli-2.4.jar:/home/mitchell/.m2/repository/net/jcip/jcip-annotations/1.0/jcip-annotations-1.0.jar:/home/mitchell/.m2/repository/dk/dma/ais/lib/ais-lib-messages/2.4/ais-lib-messages-2.4.jar:/home/mitchell/.m2/repository/dk/dma/enav/enav-util/0.6/enav-util-0.6.jar:/home/mitchell/.m2/repository/dk/dma/commons/dma-commons-util/0.5/dma-commons-util-0.5.jar:/home/mitchell/.m2/repository/dk/dma/commons/dma-commons-management/0.5/dma-commons-management-0.5.jar:/home/mitchell/.m2/repository/org/apache/commons/commons-lang3/3.1/commons-lang3-3.1.jar:/home/mitchell/.m2/repository/joda-time/joda-time/2.2/joda-time-2.2.jar:/home/mitchell/.m2/repository/com/google/code/findbugs/jsr305/1.3.7/jsr305-1.3.7.jar:/home/mitchell/.m2/repository/com/google/guava/guava/21.0/guava-21.0.jar:/home/mitchell/.m2/repository/dk/dma/enav/enav-model/0.6/enav-model-0.6.jar:/home/mitchell/.m2/repository/com/fasterxml/jackson/core/jackson-annotations/2.4.0/jackson-annotations-2.4.0.jar:/home/mitchell/.m2/repository/commons-util/commons-util/final/commons-util-final.jar:/home/mitchell/.m2/repository/org/apache/logging/log4j/log4j-api/2.6.1/log4j-api-2.6.1.jar:/home/mitchell/.m2/repository/org/apache/logging/log4j/log4j-core/2.6.1/log4j-core-2.6.1.jar:/home/mitchell/.m2/repository/commons-cli/commons-cli/1.5.0/commons-cli-1.5.0.jar:"/>
    <property name="java.vm.vendor" value="Red Hat, Inc."/>
    <property name="sun.arch.data.model" value="64"/>
    <property name="java.vendor.url" value="https://www.redhat.com/"/>
    <property name="user.timezone" value=""/>
    <property name="java.vm.specification.version" value="11"/>
    <property name="os.name" value="Linux"/>
    <property name="sun.java.launcher" value="SUN_STANDARD"/>
    <property name="user.country" value="US"/>
    <property name="sun.boot.library.path" value="/usr/lib/jvm/java-11-openjdk-11.0.13.0.8-2.fc34.x86_64/lib"/>
    <property name="sun.java.command" value="/home/mitchell/Documents/Werk/ais-kafka-stream-test/ais-transformer/target/surefire/surefirebooter434858687981587278.jar /home/mitchell/Documents/Werk/ais-kafka-stream-test/ais-transformer/target/surefire 2022-01-25T15-48-42_420-jvmRun1 surefire4564466255095872954tmp surefire_016491393591478359002tmp"/>
    <property name="jdk.debug" value="release"/>
    <property name="surefire.test.class.path" value="/home/mitchell/Documents/Werk/ais-kafka-stream-test/ais-transformer/target/test-classes:/home/mitchell/Documents/Werk/ais-kafka-stream-test/ais-transformer/target/classes:/home/mitchell/.m2/repository/junit/junit/4.11/junit-4.11.jar:/home/mitchell/.m2/repository/org/hamcrest/hamcrest-core/1.3/hamcrest-core-1.3.jar:/home/mitchell/.m2/repository/org/apache/kafka/kafka-clients/2.5.0/kafka-clients-2.5.0.jar:/home/mitchell/.m2/repository/com/github/luben/zstd-jni/1.4.4-7/zstd-jni-1.4.4-7.jar:/home/mitchell/.m2/repository/org/lz4/lz4-java/1.7.1/lz4-java-1.7.1.jar:/home/mitchell/.m2/repository/org/xerial/snappy/snappy-java/1.1.7.3/snappy-java-1.1.7.3.jar:/home/mitchell/.m2/repository/org/slf4j/slf4j-api/1.7.30/slf4j-api-1.7.30.jar:/home/mitchell/.m2/repository/monetdb/monetdb-jdbc/11.19.15/monetdb-jdbc-11.19.15.jar:/home/mitchell/.m2/repository/dk/dma/ais/lib/ais-lib-cli/2.4/ais-lib-cli-2.4.jar:/home/mitchell/.m2/repository/net/jcip/jcip-annotations/1.0/jcip-annotations-1.0.jar:/home/mitchell/.m2/repository/dk/dma/ais/lib/ais-lib-messages/2.4/ais-lib-messages-2.4.jar:/home/mitchell/.m2/repository/dk/dma/enav/enav-util/0.6/enav-util-0.6.jar:/home/mitchell/.m2/repository/dk/dma/commons/dma-commons-util/0.5/dma-commons-util-0.5.jar:/home/mitchell/.m2/repository/dk/dma/commons/dma-commons-management/0.5/dma-commons-management-0.5.jar:/home/mitchell/.m2/repository/org/apache/commons/commons-lang3/3.1/commons-lang3-3.1.jar:/home/mitchell/.m2/repository/joda-time/joda-time/2.2/joda-time-2.2.jar:/home/mitchell/.m2/repository/com/google/code/findbugs/jsr305/1.3.7/jsr305-1.3.7.jar:/home/mitchell/.m2/repository/com/google/guava/guava/21.0/guava-21.0.jar:/home/mitchell/.m2/repository/dk/dma/enav/enav-model/0.6/enav-model-0.6.jar:/home/mitchell/.m2/repository/com/fasterxml/jackson/core/jackson-annotations/2.4.0/jackson-annotations-2.4.0.jar:/home/mitchell/.m2/repository/commons-util/commons-util/final/commons-util-final.jar:/home/mitchell/.m2/repository/org/apache/logging/log4j/log4j-api/2.6.1/log4j-api-2.6.1.jar:/home/mitchell/.m2/repository/org/apache/logging/log4j/log4j-core/2.6.1/log4j-core-2.6.1.jar:/home/mitchell/.m2/repository/commons-cli/commons-cli/1.5.0/commons-cli-1.5.0.jar:"/>
    <property name="sun.cpu.endian" value="little"/>
    <property name="user.home" value="/home/mitchell"/>
    <property name="user.language" value="en"/>
    <property name="java.specification.vendor" value="Oracle Corporation"/>
    <property name="java.version.date" value="2021-10-19"/>
    <property name="java.home" value="/usr/lib/jvm/java-11-openjdk-11.0.13.0.8-2.fc34.x86_64"/>
    <property name="file.separator" value="/"/>
    <property name="basedir" value="/home/mitchell/Documents/Werk/ais-kafka-stream-test/ais-transformer"/>
    <property name="java.vm.compressedOopsMode" value="Zero based"/>
    <property name="line.separator" value="&#10;"/>
    <property name="java.specification.name" value="Java Platform API Specification"/>
    <property name="java.vm.specification.vendor" value="Oracle Corporation"/>
    <property name="java.awt.graphicsenv" value="sun.awt.X11GraphicsEnvironment"/>
    <property name="surefire.real.class.path" value="/home/mitchell/Documents/Werk/ais-kafka-stream-test/ais-transformer/target/surefire/surefirebooter434858687981587278.jar"/>
    <property name="sun.management.compiler" value="HotSpot 64-Bit Tiered Compilers"/>
    <property name="java.runtime.version" value="11.0.13+8"/>
    <property name="user.name" value="mitchell"/>
    <property name="path.separator" value=":"/>
    <property name="os.version" value="5.15.6-100.fc34.x86_64"/>
    <property name="java.runtime.name" value="OpenJDK Runtime Environment"/>
    <property name="file.encoding" value="UTF-8"/>
    <property name="java.vm.name" value="OpenJDK 64-Bit Server VM"/>
    <property name="java.vendor.version" value="18.9"/>
    <property name="localRepository" value="/home/mitchell/.m2/repository"/>
    <property name="java.vendor.url.bug" value="https://bugzilla.redhat.com/enter_bug.cgi?product=Fedora&amp;component=java-11-openjdk&amp;version=34"/>
    <property name="java.io.tmpdir" value="/tmp"/>
    <property name="java.version" value="11.0.13"/>
    <property name="user.dir" value="/home/mitchell/Documents/Werk/ais-kafka-stream-test/ais-transformer"/>
    <property name="os.arch" value="amd64"/>
    <property name="java.vm.specification.name" value="Java Virtual Machine Specification"/>
    <property name="java.awt.printerjob" value="sun.print.PSPrinterJob"/>
    <property name="sun.os.patch.level" value="unknown"/>
    <property name="java.library.path" value="/usr/local/lib:/home/mitchell/MonetDB/install/lib::/usr/java/packages/lib:/usr/lib64:/lib64:/lib:/usr/lib"/>
    <property name="java.vm.info" value="mixed mode, sharing"/>
    <property name="java.vendor" value="Red Hat, Inc."/>
    <property name="java.vm.version" value="11.0.13+8"/>
    <property name="sun.io.unicode.encoding" value="UnicodeLittle"/>
    <property name="java.class.version" value="55.0"/>
  </properties>
  <testcase name="decodeFromFile" classname="com.monetdb.ais.AisMessageDecodeTest" time="0.053"/>
  <testcase name="successfullyDecodeMultipleMessages" classname="com.monetdb.ais.AisMessageDecodeTest" time="0"/>
  <testcase name="successfullyDecodeMessagesInWrongOrder" classname="com.monetdb.ais.AisMessageDecodeTest" time="0.003"/>
  <testcase name="decodeMultipleMessagesNotSequential" classname="com.monetdb.ais.AisMessageDecodeTest" time="0"/>
  <testcase name="decodeMultipleMessages" classname="com.monetdb.ais.AisMessageDecodeTest" time="0.002"/>
  <testcase name="successfullyDecodeAMessageWithOtherPrefix" classname="com.monetdb.ais.AisMessageDecodeTest" time="0"/>
  <testcase name="successfullyDecodeAMessage" classname="com.monetdb.ais.AisMessageDecodeTest" time="0"/>
  <testcase name="successfullyDecodeMessagesWithHighId" classname="com.monetdb.ais.AisMessageDecodeTest" time="0.001"/>
  <testcase name="successfullyDecodeAMessageWithPrefix" classname="com.monetdb.ais.AisMessageDecodeTest" time="0"/>
  <testcase name="successfullyDecodeMultipleMessagesWithSameId" classname="com.monetdb.ais.AisMessageDecodeTest" time="0.002"/>
  <testcase name="decodeMissingMessages" classname="com.monetdb.ais.AisMessageDecodeTest" time="0.02"/>
</testsuite>